[DEBUG][2022-05-27 10:34:48.2632288][NetClient\Program.cs,line:31][Client Start]
[DEBUG][2022-05-27 10:34:48.3640703][NetClient\Program.cs,line:33][Debug Test]
[INFO][2022-05-27 10:34:48.3925282][NetClient\Program.cs,line:34][InfoTest]
[WARNING][2022-05-27 10:34:48.4196920][NetClient\Program.cs,line:35][Warning Test]
[ERROR][2022-05-27 10:34:48.4393033][NetClient\Program.cs,line:36][Error Test]
[DEBUG][2022-05-27 10:35:30.4951273][NetClient\Program.cs,line:31][Client Start]
[DEBUG][2022-05-27 10:35:30.4965916][NetClient\Program.cs,line:33][Debug Test]
[INFO][2022-05-27 10:35:30.4976990][NetClient\Program.cs,line:34][InfoTest]
[WARNING][2022-05-27 10:35:30.5008953][NetClient\Program.cs,line:35][Warning Test]
[ERROR][2022-05-27 10:35:30.5022185][NetClient\Program.cs,line:36][Error Test]
[INFO][2022-05-27 10:35:46.9272902][NetClient\Program.cs,line:250][tid:1001,name:极乐世界]
[INFO][2022-05-27 10:36:01.3473636][NetClient\Program.cs,line:264][uid:1002 enter table succ]
[INFO][2022-05-27 10:36:17.9123012][NetClient\Program.cs,line:390][uid:1002,tid:1001 move]
[INFO][2022-05-27 10:36:17.9518552][NetClient\Program.cs,line:276][uid:1002,tid:1001 move to x:1,y:1,z:1]
[DEBUG][2022-05-27 16:01:53.4637775][NetClient\Program.cs,line:31][Client Start]
[DEBUG][2022-05-27 16:01:53.4654248][NetClient\Program.cs,line:33][Debug Test]
[INFO][2022-05-27 16:01:53.4667179][NetClient\Program.cs,line:34][InfoTest]
[WARNING][2022-05-27 16:01:53.4679318][NetClient\Program.cs,line:35][Warning Test]
[ERROR][2022-05-27 16:01:53.4694227][NetClient\Program.cs,line:36][Error Test]
[INFO][2022-05-27 16:02:12.5197008][NetClient\Program.cs,line:250][tid:1,name:蒙德]
[INFO][2022-05-27 16:02:12.5229842][NetClient\Program.cs,line:250][tid:2,name:璃月]
[INFO][2022-05-27 16:02:12.5251742][NetClient\Program.cs,line:250][tid:3,name:稻妻]
[INFO][2022-05-27 16:02:12.5321075][NetClient\Program.cs,line:250][tid:1001,name:深入风龙废墟]
[INFO][2022-05-27 16:02:12.5338247][NetClient\Program.cs,line:250][tid:2001,name:无妄引咎密宫]
[DEBUG][2022-05-27 16:08:45.4738166][NetClient\Program.cs,line:31][Client Start]
[DEBUG][2022-05-27 16:08:45.4757962][NetClient\Program.cs,line:33][Debug Test]
[INFO][2022-05-27 16:08:45.4772946][NetClient\Program.cs,line:34][InfoTest]
[WARNING][2022-05-27 16:08:45.4791566][NetClient\Program.cs,line:35][Warning Test]
[ERROR][2022-05-27 16:08:45.4806402][NetClient\Program.cs,line:36][Error Test]
[INFO][2022-05-27 16:08:59.0748378][NetClient\Program.cs,line:250][tid:1,name:蒙德,type:1]
[INFO][2022-05-27 16:08:59.0775844][NetClient\Program.cs,line:250][tid:2,name:璃月,type:1]
[INFO][2022-05-27 16:08:59.0799024][NetClient\Program.cs,line:250][tid:3,name:稻妻,type:1]
[INFO][2022-05-27 16:08:59.0821972][NetClient\Program.cs,line:250][tid:1001,name:深入风龙废墟,type:1]
[INFO][2022-05-27 16:08:59.0844725][NetClient\Program.cs,line:250][tid:2001,name:无妄引咎密宫,type:2]
[DEBUG][2022-05-27 16:11:41.8411009][NetClient\Program.cs,line:31][Client Start]
[DEBUG][2022-05-27 16:11:41.8435141][NetClient\Program.cs,line:33][Debug Test]
[INFO][2022-05-27 16:11:41.8451194][NetClient\Program.cs,line:34][InfoTest]
[WARNING][2022-05-27 16:11:41.8478187][NetClient\Program.cs,line:35][Warning Test]
[ERROR][2022-05-27 16:11:41.8492390][NetClient\Program.cs,line:36][Error Test]
[INFO][2022-05-27 16:12:03.1156929][NetClient\Program.cs,line:250][tid:2001,name:无妄引咎密宫,type:2]
[INFO][2022-05-27 16:12:03.1182661][NetClient\Program.cs,line:250][tid:1,name:蒙德,type:1]
[INFO][2022-05-27 16:12:03.1201497][NetClient\Program.cs,line:250][tid:2,name:璃月,type:1]
[INFO][2022-05-27 16:12:03.1220329][NetClient\Program.cs,line:250][tid:3,name:稻妻,type:1]
[INFO][2022-05-27 16:12:03.1245238][NetClient\Program.cs,line:250][tid:1001,name:极乐世界,type:1]
[INFO][2022-05-27 16:12:03.1264294][NetClient\Program.cs,line:250][tid:1002,name:深入风龙废墟,type:1]
[INFO][2022-05-27 16:12:42.7151418][NetClient\Program.cs,line:250][tid:1002,name:深入风龙废墟,type:1]
[INFO][2022-05-27 16:12:42.7181470][NetClient\Program.cs,line:250][tid:2001,name:无妄引咎密宫,type:2]
[INFO][2022-05-27 16:12:42.7213052][NetClient\Program.cs,line:250][tid:1,name:蒙德,type:1]
[INFO][2022-05-27 16:12:42.7252947][NetClient\Program.cs,line:250][tid:2,name:璃月,type:1]
[INFO][2022-05-27 16:12:42.7289882][NetClient\Program.cs,line:250][tid:3,name:稻妻,type:1]
[INFO][2022-05-27 16:12:42.7314788][NetClient\Program.cs,line:250][tid:1001,name:极乐世界,type:1]
[DEBUG][2022-05-27 16:23:44.3617815][NetClient\Program.cs,line:31][Client Start]
[DEBUG][2022-05-27 16:23:44.3633454][NetClient\Program.cs,line:33][Debug Test]
[INFO][2022-05-27 16:23:44.3644475][NetClient\Program.cs,line:34][InfoTest]
[WARNING][2022-05-27 16:23:44.3655416][NetClient\Program.cs,line:35][Warning Test]
[ERROR][2022-05-27 16:23:44.3668633][NetClient\Program.cs,line:36][Error Test]
[INFO][2022-05-27 16:24:26.6278130][NetClient\Program.cs,line:250][tid:1001,name:极乐世界,type:1,online:0]
[INFO][2022-05-27 16:24:26.6350421][NetClient\Program.cs,line:250][tid:1002,name:深入风龙废墟,type:1,online:0]
[INFO][2022-05-27 16:24:26.6404317][NetClient\Program.cs,line:250][tid:2001,name:无妄引咎密宫,type:2,online:0]
[INFO][2022-05-27 16:24:26.6425269][NetClient\Program.cs,line:250][tid:1,name:蒙德,type:1,online:0]
[INFO][2022-05-27 16:24:26.6444589][NetClient\Program.cs,line:250][tid:2,name:璃月,type:1,online:0]
[INFO][2022-05-27 16:24:26.6472340][NetClient\Program.cs,line:250][tid:3,name:稻妻,type:1,online:0]
[INFO][2022-05-27 16:24:40.3130613][NetClient\Program.cs,line:264][uid:1002 enter table succ]
[DEBUG][2022-05-27 16:37:23.6126460][NetClient\Program.cs,line:31][Client Start]
[DEBUG][2022-05-27 16:37:23.6144765][NetClient\Program.cs,line:33][Debug Test]
[INFO][2022-05-27 16:37:23.6160079][NetClient\Program.cs,line:34][InfoTest]
[WARNING][2022-05-27 16:37:23.6174945][NetClient\Program.cs,line:35][Warning Test]
[ERROR][2022-05-27 16:37:23.6202758][NetClient\Program.cs,line:36][Error Test]
[INFO][2022-05-27 16:37:50.3066767][NetClient\Program.cs,line:250][tid:3,name:稻妻,type:1,online:0]
[INFO][2022-05-27 16:37:50.3243299][NetClient\Program.cs,line:250][tid:1001,name:极乐世界,type:1,online:0]
[INFO][2022-05-27 16:37:50.3511784][NetClient\Program.cs,line:250][tid:1002,name:深入风龙废墟,type:1,online:0]
[INFO][2022-05-27 16:37:50.3665394][NetClient\Program.cs,line:250][tid:2001,name:无妄引咎密宫,type:2,online:0]
[INFO][2022-05-27 16:37:50.3741968][NetClient\Program.cs,line:250][tid:1,name:蒙德,type:1,online:0]
[INFO][2022-05-27 16:37:50.3769263][NetClient\Program.cs,line:250][tid:2,name:璃月,type:1,online:0]
[INFO][2022-05-27 16:38:33.8731325][NetClient\Program.cs,line:264][uid:1002 enter table succ]
[DEBUG][2022-05-27 16:39:24.7728608][NetClient\Program.cs,line:31][Client Start]
[DEBUG][2022-05-27 16:39:24.7751460][NetClient\Program.cs,line:33][Debug Test]
[INFO][2022-05-27 16:39:24.7767093][NetClient\Program.cs,line:34][InfoTest]
[WARNING][2022-05-27 16:39:24.7785718][NetClient\Program.cs,line:35][Warning Test]
[ERROR][2022-05-27 16:39:24.7800961][NetClient\Program.cs,line:36][Error Test]
[INFO][2022-05-27 16:39:40.7090487][NetClient\Program.cs,line:250][tid:2,name:璃月,type:1,online:0]
[INFO][2022-05-27 16:39:40.7111919][NetClient\Program.cs,line:250][tid:3,name:稻妻,type:1,online:0]
[INFO][2022-05-27 16:39:40.7129350][NetClient\Program.cs,line:250][tid:1001,name:极乐世界,type:1,online:0]
[INFO][2022-05-27 16:39:40.7146755][NetClient\Program.cs,line:250][tid:1002,name:深入风龙废墟,type:1,online:0]
[INFO][2022-05-27 16:39:40.7164019][NetClient\Program.cs,line:250][tid:2001,name:无妄引咎密宫,type:2,online:0]
[INFO][2022-05-27 16:39:40.7182146][NetClient\Program.cs,line:250][tid:1,name:蒙德,type:1,online:0]
[INFO][2022-05-27 16:40:07.1521224][NetClient\Program.cs,line:264][uid:1002 enter table succ]
[INFO][2022-05-27 16:40:10.7464322][NetClient\Program.cs,line:250][tid:2001,name:无妄引咎密宫,type:2,online:0]
[INFO][2022-05-27 16:40:10.7608821][NetClient\Program.cs,line:250][tid:1,name:蒙德,type:1,online:0]
[INFO][2022-05-27 16:40:10.7655131][NetClient\Program.cs,line:250][tid:2,name:璃月,type:1,online:0]
[INFO][2022-05-27 16:40:10.7691987][NetClient\Program.cs,line:250][tid:3,name:稻妻,type:1,online:0]
[INFO][2022-05-27 16:40:10.7724103][NetClient\Program.cs,line:250][tid:1001,name:极乐世界,type:1,online:1]
[INFO][2022-05-27 16:40:10.7772211][NetClient\Program.cs,line:250][tid:1002,name:深入风龙废墟,type:1,online:0]
[DEBUG][2022-05-27 16:41:15.7282627][NetClient\Program.cs,line:31][Client Start]
[DEBUG][2022-05-27 16:41:15.7315290][NetClient\Program.cs,line:33][Debug Test]
[INFO][2022-05-27 16:41:15.7335711][NetClient\Program.cs,line:34][InfoTest]
[WARNING][2022-05-27 16:41:15.7361191][NetClient\Program.cs,line:35][Warning Test]
[ERROR][2022-05-27 16:41:15.7385792][NetClient\Program.cs,line:36][Error Test]
[INFO][2022-05-27 16:41:38.0071513][NetClient\Program.cs,line:250][tid:1002,name:深入风龙废墟,type:1,online:0]
[INFO][2022-05-27 16:41:38.0092614][NetClient\Program.cs,line:250][tid:2001,name:无妄引咎密宫,type:2,online:0]
[INFO][2022-05-27 16:41:38.0112742][NetClient\Program.cs,line:250][tid:1,name:蒙德,type:1,online:0]
[INFO][2022-05-27 16:41:38.0136052][NetClient\Program.cs,line:250][tid:2,name:璃月,type:1,online:0]
[INFO][2022-05-27 16:41:38.0162597][NetClient\Program.cs,line:250][tid:3,name:稻妻,type:1,online:0]
[INFO][2022-05-27 16:41:38.0181055][NetClient\Program.cs,line:250][tid:1001,name:极乐世界,type:1,online:0]
[DEBUG][2022-05-27 16:43:26.9845723][NetClient\Program.cs,line:31][Client Start]
[DEBUG][2022-05-27 16:43:26.9865928][NetClient\Program.cs,line:33][Debug Test]
[INFO][2022-05-27 16:43:26.9880980][NetClient\Program.cs,line:34][InfoTest]
[WARNING][2022-05-27 16:43:26.9894883][NetClient\Program.cs,line:35][Warning Test]
[ERROR][2022-05-27 16:43:26.9907269][NetClient\Program.cs,line:36][Error Test]
[DEBUG][2022-05-27 16:43:31.0865485][NetClient\Program.cs,line:31][Client Start]
[DEBUG][2022-05-27 16:43:31.0877582][NetClient\Program.cs,line:33][Debug Test]
[INFO][2022-05-27 16:43:31.0987421][NetClient\Program.cs,line:34][InfoTest]
[WARNING][2022-05-27 16:43:31.1091893][NetClient\Program.cs,line:35][Warning Test]
[ERROR][2022-05-27 16:43:31.1206960][NetClient\Program.cs,line:36][Error Test]
[DEBUG][2022-05-27 16:43:34.8265772][NetClient\Program.cs,line:31][Client Start]
[DEBUG][2022-05-27 16:43:34.8356237][NetClient\Program.cs,line:33][Debug Test]
[INFO][2022-05-27 16:43:34.8559602][NetClient\Program.cs,line:34][InfoTest]
[WARNING][2022-05-27 16:43:34.8714337][NetClient\Program.cs,line:35][Warning Test]
[ERROR][2022-05-27 16:43:34.8830243][NetClient\Program.cs,line:36][Error Test]
[INFO][2022-05-27 16:44:50.9193922][NetClient\Program.cs,line:250][tid:1,name:蒙德,type:1,online:0]
[INFO][2022-05-27 16:44:50.9358413][NetClient\Program.cs,line:250][tid:2,name:璃月,type:1,online:0]
[INFO][2022-05-27 16:44:50.9477783][NetClient\Program.cs,line:250][tid:3,name:稻妻,type:1,online:0]
[INFO][2022-05-27 16:44:50.9602690][NetClient\Program.cs,line:250][tid:1001,name:极乐世界,type:1,online:0]
[INFO][2022-05-27 16:44:50.9745944][NetClient\Program.cs,line:250][tid:1002,name:深入风龙废墟,type:1,online:0]
[INFO][2022-05-27 16:44:50.9869807][NetClient\Program.cs,line:250][tid:2001,name:无妄引咎密宫,type:2,online:0]
[INFO][2022-05-27 16:45:03.1223074][NetClient\Program.cs,line:264][uid:1002 enter table succ]
[INFO][2022-05-27 16:45:07.4930858][NetClient\Program.cs,line:250][tid:1002,name:深入风龙废墟,type:1,online:0]
[INFO][2022-05-27 16:45:07.5207672][NetClient\Program.cs,line:250][tid:2001,name:无妄引咎密宫,type:2,online:0]
[INFO][2022-05-27 16:45:07.5377282][NetClient\Program.cs,line:250][tid:1,name:蒙德,type:1,online:0]
[INFO][2022-05-27 16:45:07.5553816][NetClient\Program.cs,line:250][tid:2,name:璃月,type:1,online:0]
[INFO][2022-05-27 16:45:07.5717021][NetClient\Program.cs,line:250][tid:3,name:稻妻,type:1,online:0]
[INFO][2022-05-27 16:45:07.5836794][NetClient\Program.cs,line:250][tid:1001,name:极乐世界,type:1,online:1]
[INFO][2022-05-27 16:45:20.4160832][NetClient\Program.cs,line:250][tid:2001,name:无妄引咎密宫,type:2,online:0]
[INFO][2022-05-27 16:45:20.4310922][NetClient\Program.cs,line:250][tid:1,name:蒙德,type:1,online:0]
[INFO][2022-05-27 16:45:20.4401476][NetClient\Program.cs,line:250][tid:2,name:璃月,type:1,online:0]
[INFO][2022-05-27 16:45:20.4536760][NetClient\Program.cs,line:250][tid:3,name:稻妻,type:1,online:0]
[INFO][2022-05-27 16:45:20.4668763][NetClient\Program.cs,line:250][tid:1001,name:极乐世界,type:1,online:1]
[INFO][2022-05-27 16:45:20.4810805][NetClient\Program.cs,line:250][tid:1002,name:深入风龙废墟,type:1,online:0]
[WARNING][2022-05-27 16:45:34.1691769][NetClient\Program.cs,line:260][uid:1002 enter table fail,ret:2]
[INFO][2022-05-27 16:46:48.5640968][NetClient\Program.cs,line:250][tid:2,name:璃月,type:1,online:0]
[INFO][2022-05-27 16:46:48.5668329][NetClient\Program.cs,line:250][tid:3,name:稻妻,type:1,online:0]
[INFO][2022-05-27 16:46:48.5685732][NetClient\Program.cs,line:250][tid:1001,name:极乐世界,type:1,online:1]
[INFO][2022-05-27 16:46:48.5702415][NetClient\Program.cs,line:250][tid:1002,name:深入风龙废墟,type:1,online:0]
[INFO][2022-05-27 16:46:48.5718651][NetClient\Program.cs,line:250][tid:2001,name:无妄引咎密宫,type:2,online:0]
[INFO][2022-05-27 16:46:48.5738949][NetClient\Program.cs,line:250][tid:1,name:蒙德,type:1,online:0]
[DEBUG][2022-05-27 16:47:18.7607955][NetClient\Program.cs,line:31][Client Start]
[DEBUG][2022-05-27 16:47:18.7675727][NetClient\Program.cs,line:33][Debug Test]
[INFO][2022-05-27 16:47:18.7723609][NetClient\Program.cs,line:34][InfoTest]
[WARNING][2022-05-27 16:47:18.7761928][NetClient\Program.cs,line:35][Warning Test]
[ERROR][2022-05-27 16:47:18.7786952][NetClient\Program.cs,line:36][Error Test]
[INFO][2022-05-27 16:47:41.6335954][NetClient\Program.cs,line:250][tid:1001,name:极乐世界,type:1,online:1]
[INFO][2022-05-27 16:47:41.6381825][NetClient\Program.cs,line:250][tid:1002,name:深入风龙废墟,type:1,online:0]
[INFO][2022-05-27 16:47:41.6426190][NetClient\Program.cs,line:250][tid:2001,name:无妄引咎密宫,type:2,online:0]
[INFO][2022-05-27 16:47:41.6450340][NetClient\Program.cs,line:250][tid:1,name:蒙德,type:1,online:0]
[INFO][2022-05-27 16:47:41.6470980][NetClient\Program.cs,line:250][tid:2,name:璃月,type:1,online:0]
[INFO][2022-05-27 16:47:41.6493846][NetClient\Program.cs,line:250][tid:3,name:稻妻,type:1,online:0]
[INFO][2022-05-27 16:47:53.7131947][NetClient\Program.cs,line:264][uid:1003 enter table succ]
[INFO][2022-05-27 16:47:53.7155765][NetClient\Program.cs,line:264][uid:1003 enter table succ]
时间：2022-05-27 16:47:53
异常：The process cannot access the file 'C:\Users\LewisLiu\source\repos\NetClient\bin\Debug\netcoreapp3.1\Log\2022-05-27.log' because it is being used by another process.
   at System.IO.FileStream.ValidateFileHandle(SafeFileHandle fileHandle)
   at System.IO.FileStream.CreateFileOpenHandle(FileMode mode, FileShare share, FileOptions options)
   at System.IO.FileStream..ctor(String path, FileMode mode, FileAccess access, FileShare share, Int32 bufferSize, FileOptions options)
   at System.IO.StreamWriter.ValidateArgsAndOpenPath(String path, Boolean append, Encoding encoding, Int32 bufferSize)
   at System.IO.StreamWriter..ctor(String path, Boolean append)
   at System.IO.File.AppendText(String path)
   at Logger.WriteLog(ColorType type, String msg) in C:\Users\LewisLiu\source\repos\NetClient\Assets\Scripts\Log\Logger.cs:line 166

[INFO][2022-05-27 16:48:08.6753608][NetClient\Program.cs,line:250][tid:1002,name:深入风龙废墟,type:1,online:0]
[INFO][2022-05-27 16:48:08.6881932][NetClient\Program.cs,line:250][tid:2001,name:无妄引咎密宫,type:2,online:0]
[INFO][2022-05-27 16:48:08.6949686][NetClient\Program.cs,line:250][tid:1,name:蒙德,type:1,online:0]
[INFO][2022-05-27 16:48:08.7011797][NetClient\Program.cs,line:250][tid:2,name:璃月,type:1,online:0]
[INFO][2022-05-27 16:48:08.7153233][NetClient\Program.cs,line:250][tid:3,name:稻妻,type:1,online:0]
[INFO][2022-05-27 16:48:08.7214544][NetClient\Program.cs,line:250][tid:1001,name:极乐世界,type:1,online:2]
[INFO][2022-05-27 16:48:14.5556596][NetClient\Program.cs,line:250][tid:2001,name:无妄引咎密宫,type:2,online:0]
[INFO][2022-05-27 16:48:14.5606871][NetClient\Program.cs,line:250][tid:1,name:蒙德,type:1,online:0]
[INFO][2022-05-27 16:48:14.5654379][NetClient\Program.cs,line:250][tid:2,name:璃月,type:1,online:0]
[INFO][2022-05-27 16:48:14.5687184][NetClient\Program.cs,line:250][tid:3,name:稻妻,type:1,online:0]
[INFO][2022-05-27 16:48:14.5712107][NetClient\Program.cs,line:250][tid:1001,name:极乐世界,type:1,online:2]
[INFO][2022-05-27 16:48:14.5771758][NetClient\Program.cs,line:250][tid:1002,name:深入风龙废墟,type:1,online:0]
[INFO][2022-05-27 16:48:24.1351758][NetClient\Program.cs,line:250][tid:1,name:蒙德,type:1,online:0]
[INFO][2022-05-27 16:48:24.1369733][NetClient\Program.cs,line:250][tid:2,name:璃月,type:1,online:0]
[INFO][2022-05-27 16:48:24.1386232][NetClient\Program.cs,line:250][tid:3,name:稻妻,type:1,online:0]
[INFO][2022-05-27 16:48:24.1407596][NetClient\Program.cs,line:250][tid:1001,name:极乐世界,type:1,online:1]
[INFO][2022-05-27 16:48:24.1423369][NetClient\Program.cs,line:250][tid:1002,name:深入风龙废墟,type:1,online:0]
[INFO][2022-05-27 16:48:24.1440862][NetClient\Program.cs,line:250][tid:2001,name:无妄引咎密宫,type:2,online:0]
[DEBUG][2022-05-27 16:48:33.2503405][NetClient\Program.cs,line:31][Client Start]
[DEBUG][2022-05-27 16:48:33.2539441][NetClient\Program.cs,line:33][Debug Test]
[INFO][2022-05-27 16:48:33.2571821][NetClient\Program.cs,line:34][InfoTest]
[WARNING][2022-05-27 16:48:33.2637516][NetClient\Program.cs,line:35][Warning Test]
[ERROR][2022-05-27 16:48:33.2669056][NetClient\Program.cs,line:36][Error Test]
[INFO][2022-05-27 16:48:52.9128701][NetClient\Program.cs,line:250][tid:2001,name:无妄引咎密宫,type:2,online:0]
[INFO][2022-05-27 16:48:52.9154927][NetClient\Program.cs,line:250][tid:1,name:蒙德,type:1,online:0]
[INFO][2022-05-27 16:48:52.9176350][NetClient\Program.cs,line:250][tid:2,name:璃月,type:1,online:0]
[INFO][2022-05-27 16:48:52.9201549][NetClient\Program.cs,line:250][tid:3,name:稻妻,type:1,online:0]
[INFO][2022-05-27 16:48:52.9238988][NetClient\Program.cs,line:250][tid:1001,name:极乐世界,type:1,online:1]
[INFO][2022-05-27 16:48:52.9261104][NetClient\Program.cs,line:250][tid:1002,name:深入风龙废墟,type:1,online:0]
[DEBUG][2022-05-27 16:53:42.7667742][NetClient\Program.cs,line:31][Client Start]
[DEBUG][2022-05-27 16:53:42.7692241][NetClient\Program.cs,line:33][Debug Test]
[INFO][2022-05-27 16:53:42.7712358][NetClient\Program.cs,line:34][InfoTest]
[WARNING][2022-05-27 16:53:42.7728517][NetClient\Program.cs,line:35][Warning Test]
[ERROR][2022-05-27 16:53:42.7740391][NetClient\Program.cs,line:36][Error Test]
[DEBUG][2022-05-27 16:53:45.4698245][NetClient\Program.cs,line:31][Client Start]
[DEBUG][2022-05-27 16:53:45.4791494][NetClient\Program.cs,line:33][Debug Test]
[INFO][2022-05-27 16:53:45.4850529][NetClient\Program.cs,line:34][InfoTest]
[WARNING][2022-05-27 16:53:45.4887749][NetClient\Program.cs,line:35][Warning Test]
[ERROR][2022-05-27 16:53:45.4913910][NetClient\Program.cs,line:36][Error Test]
[DEBUG][2022-05-27 16:53:48.0714888][NetClient\Program.cs,line:31][Client Start]
[DEBUG][2022-05-27 16:53:48.0738210][NetClient\Program.cs,line:33][Debug Test]
[INFO][2022-05-27 16:53:48.0746983][NetClient\Program.cs,line:34][InfoTest]
[WARNING][2022-05-27 16:53:48.1177187][NetClient\Program.cs,line:35][Warning Test]
[ERROR][2022-05-27 16:53:48.1309138][NetClient\Program.cs,line:36][Error Test]
[INFO][2022-05-27 16:54:23.5735393][NetClient\Program.cs,line:254][tid:3,name:稻妻,type:1,online:0]
[INFO][2022-05-27 16:54:23.5817713][NetClient\Program.cs,line:254][tid:1001,name:极乐世界,type:1,online:0]
[INFO][2022-05-27 16:54:23.5971625][NetClient\Program.cs,line:254][tid:1002,name:深入风龙废墟,type:1,online:0]
[INFO][2022-05-27 16:54:23.6115552][NetClient\Program.cs,line:254][tid:2001,name:无妄引咎密宫,type:2,online:0]
[INFO][2022-05-27 16:54:23.6228872][NetClient\Program.cs,line:254][tid:1,name:蒙德,type:1,online:0]
[INFO][2022-05-27 16:54:23.6360430][NetClient\Program.cs,line:254][tid:2,name:璃月,type:1,online:0]
[INFO][2022-05-27 16:55:01.2071881][NetClient\Program.cs,line:254][tid:1,name:蒙德,type:1,online:0]
[INFO][2022-05-27 16:55:01.2476565][NetClient\Program.cs,line:254][tid:2,name:璃月,type:1,online:0]
[INFO][2022-05-27 16:55:01.2612984][NetClient\Program.cs,line:254][tid:3,name:稻妻,type:1,online:0]
[INFO][2022-05-27 16:55:01.2728271][NetClient\Program.cs,line:254][tid:1001,name:极乐世界,type:1,online:0]
[INFO][2022-05-27 16:55:01.2821057][NetClient\Program.cs,line:254][tid:1002,name:深入风龙废墟,type:1,online:0]
[INFO][2022-05-27 16:55:01.2946297][NetClient\Program.cs,line:254][tid:2001,name:无妄引咎密宫,type:2,online:0]
[INFO][2022-05-27 16:55:17.7624822][NetClient\Program.cs,line:268][uid:1001 enter table succ]
[INFO][2022-05-27 16:55:22.1113112][NetClient\Program.cs,line:254][tid:2,name:璃月,type:1,online:0]
[INFO][2022-05-27 16:55:22.1305548][NetClient\Program.cs,line:254][tid:3,name:稻妻,type:1,online:0]
[INFO][2022-05-27 16:55:22.1452084][NetClient\Program.cs,line:254][tid:1001,name:极乐世界,type:1,online:1]
[INFO][2022-05-27 16:55:22.1699498][NetClient\Program.cs,line:254][tid:1002,name:深入风龙废墟,type:1,online:0]
[INFO][2022-05-27 16:55:22.1914615][NetClient\Program.cs,line:254][tid:2001,name:无妄引咎密宫,type:2,online:0]
[INFO][2022-05-27 16:55:22.2066172][NetClient\Program.cs,line:254][tid:1,name:蒙德,type:1,online:0]
[INFO][2022-05-27 16:55:40.2699491][NetClient\Program.cs,line:268][uid:1002 enter table succ]
时间：2022-05-27 16:55:40
异常：The process cannot access the file 'C:\Users\LewisLiu\source\repos\NetClient\bin\Debug\netcoreapp3.1\Log\2022-05-27.log' because it is being used by another process.
   at System.IO.FileStream.ValidateFileHandle(SafeFileHandle fileHandle)
   at System.IO.FileStream.CreateFileOpenHandle(FileMode mode, FileShare share, FileOptions options)
   at System.IO.FileStream..ctor(String path, FileMode mode, FileAccess access, FileShare share, Int32 bufferSize, FileOptions options)
   at System.IO.StreamWriter.ValidateArgsAndOpenPath(String path, Boolean append, Encoding encoding, Int32 bufferSize)
   at System.IO.StreamWriter..ctor(String path, Boolean append)
   at System.IO.File.AppendText(String path)
   at Logger.WriteLog(ColorType type, String msg) in C:\Users\LewisLiu\source\repos\NetClient\Assets\Scripts\Log\Logger.cs:line 166

[INFO][2022-05-27 16:55:40.2967949][NetClient\Program.cs,line:268][uid:1002 enter table succ]
[INFO][2022-05-27 16:55:43.1276109][NetClient\Program.cs,line:254][tid:1,name:蒙德,type:1,online:0]
[INFO][2022-05-27 16:55:43.1407935][NetClient\Program.cs,line:254][tid:2,name:璃月,type:1,online:0]
[INFO][2022-05-27 16:55:43.1535504][NetClient\Program.cs,line:254][tid:3,name:稻妻,type:1,online:0]
[INFO][2022-05-27 16:55:43.1697215][NetClient\Program.cs,line:254][tid:1001,name:极乐世界,type:1,online:2]
[INFO][2022-05-27 16:55:43.1820380][NetClient\Program.cs,line:254][tid:1002,name:深入风龙废墟,type:1,online:0]
[INFO][2022-05-27 16:55:43.1967515][NetClient\Program.cs,line:254][tid:2001,name:无妄引咎密宫,type:2,online:0]
[INFO][2022-05-27 16:55:48.5308692][NetClient\Program.cs,line:254][tid:2001,name:无妄引咎密宫,type:2,online:0]
[INFO][2022-05-27 16:55:48.5652875][NetClient\Program.cs,line:254][tid:1,name:蒙德,type:1,online:0]
[INFO][2022-05-27 16:55:48.5884828][NetClient\Program.cs,line:254][tid:2,name:璃月,type:1,online:0]
[INFO][2022-05-27 16:55:48.6332215][NetClient\Program.cs,line:254][tid:3,name:稻妻,type:1,online:0]
[INFO][2022-05-27 16:55:48.6554657][NetClient\Program.cs,line:254][tid:1001,name:极乐世界,type:1,online:2]
[INFO][2022-05-27 16:55:48.6762213][NetClient\Program.cs,line:254][tid:1002,name:深入风龙废墟,type:1,online:0]
[INFO][2022-05-27 16:56:36.4406404][NetClient\Program.cs,line:254][tid:1,name:蒙德,type:1,online:0]
[INFO][2022-05-27 16:56:36.4553759][NetClient\Program.cs,line:254][tid:2,name:璃月,type:1,online:0]
[INFO][2022-05-27 16:56:36.4693991][NetClient\Program.cs,line:254][tid:3,name:稻妻,type:1,online:0]
[INFO][2022-05-27 16:56:36.4826507][NetClient\Program.cs,line:254][tid:1001,name:极乐世界,type:1,online:2]
[INFO][2022-05-27 16:56:36.4978406][NetClient\Program.cs,line:254][tid:1002,name:深入风龙废墟,type:1,online:0]
[INFO][2022-05-27 16:56:36.5095168][NetClient\Program.cs,line:254][tid:2001,name:无妄引咎密宫,type:2,online:0]
[INFO][2022-05-27 16:56:48.3543825][NetClient\Program.cs,line:268][uid:1003 enter table succ]
[INFO][2022-05-27 16:56:48.3558350][NetClient\Program.cs,line:268][uid:1003 enter table succ]
[INFO][2022-05-27 16:56:52.1063096][NetClient\Program.cs,line:254][tid:1,name:蒙德,type:1,online:1]
[INFO][2022-05-27 16:56:52.1348873][NetClient\Program.cs,line:254][tid:2,name:璃月,type:1,online:0]
[INFO][2022-05-27 16:56:52.1552085][NetClient\Program.cs,line:254][tid:3,name:稻妻,type:1,online:0]
[INFO][2022-05-27 16:56:52.1786594][NetClient\Program.cs,line:254][tid:1001,name:极乐世界,type:1,online:2]
[INFO][2022-05-27 16:56:52.1933158][NetClient\Program.cs,line:254][tid:1002,name:深入风龙废墟,type:1,online:0]
[INFO][2022-05-27 16:56:52.2094678][NetClient\Program.cs,line:254][tid:2001,name:无妄引咎密宫,type:2,online:0]
[INFO][2022-05-27 16:57:07.5480345][NetClient\Program.cs,line:394][uid:1001,tid:1001 move]
[INFO][2022-05-27 16:57:07.6260106][NetClient\Program.cs,line:280][uid:1001,tid:1001 move to x:1,y:1,z:1]
[INFO][2022-05-27 16:57:45.2554242][NetClient\Program.cs,line:394][uid:1002,tid:1001 move]
[INFO][2022-05-27 16:57:45.3125849][NetClient\Program.cs,line:280][uid:1002,tid:1001 move to x:1,y:1,z:1]
[INFO][2022-05-27 16:58:17.7093661][NetClient\Program.cs,line:254][tid:1,name:蒙德,type:1,online:1]
[INFO][2022-05-27 16:58:17.7134601][NetClient\Program.cs,line:254][tid:2,name:璃月,type:1,online:0]
[INFO][2022-05-27 16:58:17.7159338][NetClient\Program.cs,line:254][tid:3,name:稻妻,type:1,online:0]
[INFO][2022-05-27 16:58:17.7176428][NetClient\Program.cs,line:254][tid:1001,name:极乐世界,type:1,online:0]
[INFO][2022-05-27 16:58:17.7192944][NetClient\Program.cs,line:254][tid:1002,name:深入风龙废墟,type:1,online:0]
[INFO][2022-05-27 16:58:17.7227120][NetClient\Program.cs,line:254][tid:2001,name:无妄引咎密宫,type:2,online:0]
[DEBUG][2022-05-27 16:58:21.2203352][NetClient\Program.cs,line:31][Client Start]
[DEBUG][2022-05-27 16:58:21.2231974][NetClient\Program.cs,line:33][Debug Test]
[INFO][2022-05-27 16:58:21.2242794][NetClient\Program.cs,line:34][InfoTest]
[WARNING][2022-05-27 16:58:21.2271459][NetClient\Program.cs,line:35][Warning Test]
[ERROR][2022-05-27 16:58:21.2322537][NetClient\Program.cs,line:36][Error Test]
[INFO][2022-05-27 16:58:37.0911157][NetClient\Program.cs,line:254][tid:2,name:璃月,type:1,online:0]
[INFO][2022-05-27 16:58:37.0939966][NetClient\Program.cs,line:254][tid:3,name:稻妻,type:1,online:0]
[INFO][2022-05-27 16:58:37.0984648][NetClient\Program.cs,line:254][tid:1001,name:极乐世界,type:1,online:0]
[INFO][2022-05-27 16:58:37.1012506][NetClient\Program.cs,line:254][tid:1002,name:深入风龙废墟,type:1,online:0]
[INFO][2022-05-27 16:58:37.1035678][NetClient\Program.cs,line:254][tid:2001,name:无妄引咎密宫,type:2,online:0]
[INFO][2022-05-27 16:58:37.1052322][NetClient\Program.cs,line:254][tid:1,name:蒙德,type:1,online:1]
[INFO][2022-05-27 16:58:54.3891366][NetClient\Program.cs,line:268][uid:1003 enter table succ]
时间：2022-05-27 16:58:54
异常：The process cannot access the file 'C:\Users\LewisLiu\source\repos\NetClient\bin\Debug\netcoreapp3.1\Log\2022-05-27.log' because it is being used by another process.
   at System.IO.FileStream.ValidateFileHandle(SafeFileHandle fileHandle)
   at System.IO.FileStream.CreateFileOpenHandle(FileMode mode, FileShare share, FileOptions options)
   at System.IO.FileStream..ctor(String path, FileMode mode, FileAccess access, FileShare share, Int32 bufferSize, FileOptions options)
   at System.IO.StreamWriter.ValidateArgsAndOpenPath(String path, Boolean append, Encoding encoding, Int32 bufferSize)
   at System.IO.StreamWriter..ctor(String path, Boolean append)
   at System.IO.File.AppendText(String path)
   at Logger.WriteLog(ColorType type, String msg) in C:\Users\LewisLiu\source\repos\NetClient\Assets\Scripts\Log\Logger.cs:line 166

[INFO][2022-05-27 16:58:54.4099523][NetClient\Program.cs,line:268][uid:1002 enter table succ]
[INFO][2022-05-27 16:59:04.8822218][NetClient\Program.cs,line:254][tid:2,name:璃月,type:1,online:0]
[INFO][2022-05-27 16:59:04.8936111][NetClient\Program.cs,line:254][tid:3,name:稻妻,type:1,online:0]
[INFO][2022-05-27 16:59:04.9034554][NetClient\Program.cs,line:254][tid:1001,name:极乐世界,type:1,online:0]
[INFO][2022-05-27 16:59:04.9086110][NetClient\Program.cs,line:254][tid:1002,name:深入风龙废墟,type:1,online:0]
[INFO][2022-05-27 16:59:04.9173706][NetClient\Program.cs,line:254][tid:2001,name:无妄引咎密宫,type:2,online:0]
[INFO][2022-05-27 16:59:04.9201163][NetClient\Program.cs,line:254][tid:1,name:蒙德,type:1,online:2]
[INFO][2022-05-27 16:59:16.4912483][NetClient\Program.cs,line:394][uid:1002,tid:1 move]
[INFO][2022-05-27 16:59:16.5329698][NetClient\Program.cs,line:280][uid:1002,tid:1 move to x:1,y:1,z:1]
[DEBUG][2022-05-27 16:59:42.1082991][NetClient\Program.cs,line:31][Client Start]
[DEBUG][2022-05-27 16:59:42.1122206][NetClient\Program.cs,line:33][Debug Test]
[INFO][2022-05-27 16:59:42.1141729][NetClient\Program.cs,line:34][InfoTest]
[WARNING][2022-05-27 16:59:42.1160602][NetClient\Program.cs,line:35][Warning Test]
[ERROR][2022-05-27 16:59:42.1180325][NetClient\Program.cs,line:36][Error Test]
[INFO][2022-05-27 17:00:04.6132313][NetClient\Program.cs,line:254][tid:1,name:蒙德,type:1,online:1]
[INFO][2022-05-27 17:00:04.6221118][NetClient\Program.cs,line:254][tid:2,name:璃月,type:1,online:0]
[INFO][2022-05-27 17:00:04.6240847][NetClient\Program.cs,line:254][tid:3,name:稻妻,type:1,online:0]
[INFO][2022-05-27 17:00:04.6268235][NetClient\Program.cs,line:254][tid:1001,name:极乐世界,type:1,online:0]
[INFO][2022-05-27 17:00:04.6318440][NetClient\Program.cs,line:254][tid:1002,name:深入风龙废墟,type:1,online:0]
[INFO][2022-05-27 17:00:04.6343325][NetClient\Program.cs,line:254][tid:2001,name:无妄引咎密宫,type:2,online:0]
[INFO][2022-05-27 17:00:19.5733321][NetClient\Program.cs,line:268][uid:1002 enter table succ]
[INFO][2022-05-27 17:00:19.5893024][NetClient\Program.cs,line:268][uid:1003 enter table succ]
时间：2022-05-27 17:00:19
异常：The process cannot access the file 'C:\Users\LewisLiu\source\repos\NetClient\bin\Debug\netcoreapp3.1\Log\2022-05-27.log' because it is being used by another process.
   at System.IO.FileStream.ValidateFileHandle(SafeFileHandle fileHandle)
   at System.IO.FileStream.CreateFileOpenHandle(FileMode mode, FileShare share, FileOptions options)
   at System.IO.FileStream..ctor(String path, FileMode mode, FileAccess access, FileShare share, Int32 bufferSize, FileOptions options)
   at System.IO.StreamWriter.ValidateArgsAndOpenPath(String path, Boolean append, Encoding encoding, Int32 bufferSize)
   at System.IO.StreamWriter..ctor(String path, Boolean append)
   at System.IO.File.AppendText(String path)
   at Logger.WriteLog(ColorType type, String msg) in C:\Users\LewisLiu\source\repos\NetClient\Assets\Scripts\Log\Logger.cs:line 166

[INFO][2022-05-27 17:00:23.8450831][NetClient\Program.cs,line:254][tid:2001,name:无妄引咎密宫,type:2,online:0]
[INFO][2022-05-27 17:00:23.8559740][NetClient\Program.cs,line:254][tid:1,name:蒙德,type:1,online:2]
[INFO][2022-05-27 17:00:23.8601487][NetClient\Program.cs,line:254][tid:2,name:璃月,type:1,online:0]
[INFO][2022-05-27 17:00:23.8720933][NetClient\Program.cs,line:254][tid:3,name:稻妻,type:1,online:0]
[INFO][2022-05-27 17:00:23.8791533][NetClient\Program.cs,line:254][tid:1001,name:极乐世界,type:1,online:0]
[INFO][2022-05-27 17:00:23.8819675][NetClient\Program.cs,line:254][tid:1002,name:深入风龙废墟,type:1,online:0]
[INFO][2022-05-27 17:00:30.3589376][NetClient\Program.cs,line:394][uid:1002,tid:1 move]
[INFO][2022-05-27 17:00:30.4038368][NetClient\Program.cs,line:280][uid:1002,tid:1 move to x:1,y:1,z:1]
时间：2022-05-27 17:14:40
异常：The process cannot access the file 'C:\Users\LewisLiu\source\repos\NetClient\bin\Debug\netcoreapp3.1\Log\2022-05-27.log' because it is being used by another process.
   at System.IO.FileStream.ValidateFileHandle(SafeFileHandle fileHandle)
   at System.IO.FileStream.CreateFileOpenHandle(FileMode mode, FileShare share, FileOptions options)
   at System.IO.FileStream..ctor(String path, FileMode mode, FileAccess access, FileShare share, Int32 bufferSize, FileOptions options)
   at System.IO.StreamWriter.ValidateArgsAndOpenPath(String path, Boolean append, Encoding encoding, Int32 bufferSize)
   at System.IO.StreamWriter..ctor(String path, Boolean append)
   at System.IO.File.AppendText(String path)
   at Logger.WriteLog(ColorType type, String msg) in C:\Users\LewisLiu\source\repos\NetClient\Assets\Scripts\Log\Logger.cs:line 166

