[DEBUG][2022-05-25 10:54:04.5533921][NetClient\Program.cs,line:31][Client Start]
[DEBUG][2022-05-25 10:54:04.5548881][NetClient\Program.cs,line:33][Debug Test]
[INFO][2022-05-25 10:54:04.5560489][NetClient\Program.cs,line:34][InfoTest]
[WARNING][2022-05-25 10:54:04.5572211][NetClient\Program.cs,line:35][Warning Test]
[ERROR][2022-05-25 10:54:04.5582038][NetClient\Program.cs,line:36][Error Test]
[INFO][2022-05-25 10:54:32.3360935][NetClient\Program.cs,line:248][tid:1001,name:极乐世界]
[WARNING][2022-05-25 10:54:45.9073672][NetClient\Program.cs,line:258][uid:1002 enter table fail]
[DEBUG][2022-05-25 10:55:48.8032066][NetClient\Program.cs,line:31][Client Start]
[DEBUG][2022-05-25 10:55:48.8050996][NetClient\Program.cs,line:33][Debug Test]
[INFO][2022-05-25 10:55:48.8065797][NetClient\Program.cs,line:34][InfoTest]
[WARNING][2022-05-25 10:55:48.8078972][NetClient\Program.cs,line:35][Warning Test]
[ERROR][2022-05-25 10:55:48.8092112][NetClient\Program.cs,line:36][Error Test]
[INFO][2022-05-25 10:56:19.8312834][NetClient\Program.cs,line:248][tid:1001,name:极乐世界]
[WARNING][2022-05-25 10:56:32.7962299][NetClient\Program.cs,line:258][uid:1002 enter table fail,ret:254]
[DEBUG][2022-05-25 11:07:15.5272109][NetClient\Program.cs,line:31][Client Start]
[DEBUG][2022-05-25 11:07:15.5290777][NetClient\Program.cs,line:33][Debug Test]
[INFO][2022-05-25 11:07:15.5301183][NetClient\Program.cs,line:34][InfoTest]
[WARNING][2022-05-25 11:07:15.5309942][NetClient\Program.cs,line:35][Warning Test]
[ERROR][2022-05-25 11:07:15.5321241][NetClient\Program.cs,line:36][Error Test]
[INFO][2022-05-25 11:07:37.9959221][NetClient\Program.cs,line:248][tid:1001,name:极乐世界]
[INFO][2022-05-25 11:07:53.2982016][NetClient\Program.cs,line:262][uid:1002 enter table succ]
[INFO][2022-05-25 11:08:00.3013809][NetClient\Program.cs,line:380][uid:1002,tid:1001 move]
[INFO][2022-05-25 11:08:00.3440803][NetClient\Program.cs,line:266][uid:1002,tid:1001 move to]
[DEBUG][2022-05-25 11:09:53.3728052][NetClient\Program.cs,line:31][Client Start]
[DEBUG][2022-05-25 11:09:53.3742250][NetClient\Program.cs,line:33][Debug Test]
[INFO][2022-05-25 11:09:53.3752923][NetClient\Program.cs,line:34][InfoTest]
[WARNING][2022-05-25 11:09:53.3763399][NetClient\Program.cs,line:35][Warning Test]
[ERROR][2022-05-25 11:09:53.3771041][NetClient\Program.cs,line:36][Error Test]
[DEBUG][2022-05-25 11:10:22.4354745][NetClient\Program.cs,line:31][Client Start]
[DEBUG][2022-05-25 11:10:22.4366851][NetClient\Program.cs,line:33][Debug Test]
[INFO][2022-05-25 11:10:22.4375020][NetClient\Program.cs,line:34][InfoTest]
[WARNING][2022-05-25 11:10:22.4383668][NetClient\Program.cs,line:35][Warning Test]
[ERROR][2022-05-25 11:10:22.4392193][NetClient\Program.cs,line:36][Error Test]
[DEBUG][2022-05-25 11:12:52.3176655][NetClient\Program.cs,line:31][Client Start]
[DEBUG][2022-05-25 11:12:52.3197978][NetClient\Program.cs,line:33][Debug Test]
[INFO][2022-05-25 11:12:52.3206986][NetClient\Program.cs,line:34][InfoTest]
[WARNING][2022-05-25 11:12:52.3216241][NetClient\Program.cs,line:35][Warning Test]
[ERROR][2022-05-25 11:12:52.3224634][NetClient\Program.cs,line:36][Error Test]
[INFO][2022-05-25 11:13:12.6190769][NetClient\Program.cs,line:248][tid:1001,name:极乐世界]
[WARNING][2022-05-25 11:13:26.4414535][NetClient\Program.cs,line:258][uid:1002 enter table fail,ret:1]
[INFO][2022-05-25 11:13:37.6257631][NetClient\Program.cs,line:262][uid:1002 enter table succ]
[INFO][2022-05-25 11:13:42.7154526][NetClient\Program.cs,line:380][uid:1002,tid:1001 move]
[INFO][2022-05-25 11:13:42.7559682][NetClient\Program.cs,line:266][uid:1002,tid:1001 move to x:1,y:1,z:1]
[DEBUG][2022-05-25 11:20:25.4728503][NetClient\Program.cs,line:31][Client Start]
[DEBUG][2022-05-25 11:20:25.4741948][NetClient\Program.cs,line:33][Debug Test]
[INFO][2022-05-25 11:20:25.4754523][NetClient\Program.cs,line:34][InfoTest]
[WARNING][2022-05-25 11:20:25.4767058][NetClient\Program.cs,line:35][Warning Test]
[ERROR][2022-05-25 11:20:25.4783037][NetClient\Program.cs,line:36][Error Test]
[INFO][2022-05-25 11:20:45.1816776][NetClient\Program.cs,line:248][tid:1001,name:极乐世界]
[INFO][2022-05-25 11:20:56.5492159][NetClient\Program.cs,line:262][uid:1002 enter table succ]
[INFO][2022-05-25 11:21:00.4668281][NetClient\Program.cs,line:380][uid:1002,tid:1001 move]
[INFO][2022-05-25 11:21:00.5094728][NetClient\Program.cs,line:266][uid:1002,tid:1001 move to x:1,y:1,z:1]
[INFO][2022-05-25 11:21:20.1326190][NetClient\Program.cs,line:380][uid:1002,tid:1001 move]
[INFO][2022-05-25 11:21:20.1742756][NetClient\Program.cs,line:266][uid:1002,tid:1001 move to x:1,y:1,z:1]
[DEBUG][2022-05-25 11:21:50.0892833][NetClient\Program.cs,line:31][Client Start]
[DEBUG][2022-05-25 11:21:50.0919635][NetClient\Program.cs,line:33][Debug Test]
[INFO][2022-05-25 11:21:50.0928821][NetClient\Program.cs,line:34][InfoTest]
[WARNING][2022-05-25 11:21:50.0937731][NetClient\Program.cs,line:35][Warning Test]
[ERROR][2022-05-25 11:21:50.0948337][NetClient\Program.cs,line:36][Error Test]
[INFO][2022-05-25 11:22:07.8443174][NetClient\Program.cs,line:248][tid:1001,name:极乐世界]
[WARNING][2022-05-25 11:22:16.0040851][NetClient\Program.cs,line:258][uid:1002 enter table fail,ret:2]
[INFO][2022-05-25 11:23:06.5933313][NetClient\Program.cs,line:380][uid:1002,tid:1001 move]
[DEBUG][2022-05-25 12:09:27.2552043][NetClient\Program.cs,line:31][Client Start]
[DEBUG][2022-05-25 12:09:27.2563607][NetClient\Program.cs,line:33][Debug Test]
[INFO][2022-05-25 12:09:27.2571774][NetClient\Program.cs,line:34][InfoTest]
[WARNING][2022-05-25 12:09:27.2580098][NetClient\Program.cs,line:35][Warning Test]
[ERROR][2022-05-25 12:09:27.2588325][NetClient\Program.cs,line:36][Error Test]
[INFO][2022-05-25 12:09:47.3964924][NetClient\Program.cs,line:248][tid:1001,name:极乐世界]
[INFO][2022-05-25 12:10:01.2720398][NetClient\Program.cs,line:262][uid:1002 enter table succ]
[INFO][2022-05-25 12:10:34.6775261][NetClient\Program.cs,line:380][uid:1002,tid:1001 move]
[INFO][2022-05-25 12:10:34.7181736][NetClient\Program.cs,line:266][uid:1002,tid:1001 move to x:1,y:1,z:1]
[DEBUG][2022-05-25 12:12:28.4853104][NetClient\Program.cs,line:31][Client Start]
[DEBUG][2022-05-25 12:12:28.4864559][NetClient\Program.cs,line:33][Debug Test]
[INFO][2022-05-25 12:12:28.4873456][NetClient\Program.cs,line:34][InfoTest]
[WARNING][2022-05-25 12:12:28.4883094][NetClient\Program.cs,line:35][Warning Test]
[ERROR][2022-05-25 12:12:28.4891618][NetClient\Program.cs,line:36][Error Test]
[DEBUG][2022-05-25 12:17:33.8561611][NetClient\Program.cs,line:31][Client Start]
[DEBUG][2022-05-25 12:17:33.8574401][NetClient\Program.cs,line:33][Debug Test]
[INFO][2022-05-25 12:17:33.8587306][NetClient\Program.cs,line:34][InfoTest]
[WARNING][2022-05-25 12:17:33.8599546][NetClient\Program.cs,line:35][Warning Test]
[ERROR][2022-05-25 12:17:33.8610027][NetClient\Program.cs,line:36][Error Test]
[INFO][2022-05-25 12:17:54.8288761][NetClient\Program.cs,line:248][tid:1001,name:极乐世界]
[INFO][2022-05-25 12:18:09.3395591][NetClient\Program.cs,line:262][uid:1002 enter table succ]
[INFO][2022-05-25 12:18:20.7100786][NetClient\Program.cs,line:380][uid:1002,tid:1001 move]
[INFO][2022-05-25 12:18:20.7529009][NetClient\Program.cs,line:266][uid:1002,tid:1001 move to x:1,y:1,z:1]
[DEBUG][2022-05-25 12:18:34.9175076][NetClient\Program.cs,line:31][Client Start]
[DEBUG][2022-05-25 12:18:34.9187822][NetClient\Program.cs,line:33][Debug Test]
[INFO][2022-05-25 12:18:34.9196380][NetClient\Program.cs,line:34][InfoTest]
[WARNING][2022-05-25 12:18:34.9207961][NetClient\Program.cs,line:35][Warning Test]
[ERROR][2022-05-25 12:18:34.9219783][NetClient\Program.cs,line:36][Error Test]
[INFO][2022-05-25 12:19:17.5923393][NetClient\Program.cs,line:248][tid:1001,name:极乐世界]
[INFO][2022-05-25 12:19:32.3842492][NetClient\Program.cs,line:262][uid:1002 enter table succ]
[INFO][2022-05-25 12:19:36.5531066][NetClient\Program.cs,line:380][uid:1002,tid:1001 move]
[INFO][2022-05-25 12:19:36.5932985][NetClient\Program.cs,line:266][uid:1002,tid:1001 move to x:1,y:1,z:1]
[DEBUG][2022-05-25 12:19:59.2318817][NetClient\Program.cs,line:31][Client Start]
[DEBUG][2022-05-25 12:19:59.2329971][NetClient\Program.cs,line:33][Debug Test]
[INFO][2022-05-25 12:19:59.2337143][NetClient\Program.cs,line:34][InfoTest]
[WARNING][2022-05-25 12:19:59.2344663][NetClient\Program.cs,line:35][Warning Test]
[ERROR][2022-05-25 12:19:59.2352957][NetClient\Program.cs,line:36][Error Test]
[INFO][2022-05-25 12:20:53.5509349][NetClient\Program.cs,line:248][tid:1001,name:极乐世界]
[INFO][2022-05-25 12:21:04.4492148][NetClient\Program.cs,line:262][uid:1001 enter table succ]
[INFO][2022-05-25 12:21:09.5165203][NetClient\Program.cs,line:380][uid:1001,tid:1001 move]
[INFO][2022-05-25 12:21:09.5598680][NetClient\Program.cs,line:266][uid:1001,tid:1001 move to x:1,y:1,z:1]
时间：2022-05-25 12:21:09
异常：The process cannot access the file 'C:\Users\LewisLiu\source\repos\NetClient\bin\Debug\netcoreapp3.1\Log\2022-05-25.log' because it is being used by another process.
   at System.IO.FileStream.ValidateFileHandle(SafeFileHandle fileHandle)
   at System.IO.FileStream.CreateFileOpenHandle(FileMode mode, FileShare share, FileOptions options)
   at System.IO.FileStream..ctor(String path, FileMode mode, FileAccess access, FileShare share, Int32 bufferSize, FileOptions options)
   at System.IO.StreamWriter.ValidateArgsAndOpenPath(String path, Boolean append, Encoding encoding, Int32 bufferSize)
   at System.IO.StreamWriter..ctor(String path, Boolean append)
   at System.IO.File.AppendText(String path)
   at Logger.WriteLog(ColorType type, String msg) in C:\Users\LewisLiu\source\repos\NetClient\Assets\Scripts\Log\Logger.cs:line 166

[DEBUG][2022-05-25 17:37:59.5872689][NetClient\Program.cs,line:31][Client Start]
[DEBUG][2022-05-25 17:37:59.5885609][NetClient\Program.cs,line:33][Debug Test]
[INFO][2022-05-25 17:37:59.5895362][NetClient\Program.cs,line:34][InfoTest]
[WARNING][2022-05-25 17:37:59.5903580][NetClient\Program.cs,line:35][Warning Test]
[ERROR][2022-05-25 17:37:59.5911946][NetClient\Program.cs,line:36][Error Test]
[INFO][2022-05-25 17:38:43.5099033][NetClient\Program.cs,line:248][tid:1001,name:极乐世界]
[DEBUG][2022-05-25 17:40:11.2808085][NetClient\Program.cs,line:31][Client Start]
[DEBUG][2022-05-25 17:40:11.2821286][NetClient\Program.cs,line:33][Debug Test]
[INFO][2022-05-25 17:40:11.2833087][NetClient\Program.cs,line:34][InfoTest]
[WARNING][2022-05-25 17:40:11.2849978][NetClient\Program.cs,line:35][Warning Test]
[ERROR][2022-05-25 17:40:11.2861889][NetClient\Program.cs,line:36][Error Test]
[INFO][2022-05-25 17:40:43.3558165][NetClient\Program.cs,line:250][tid:1001,name:极乐世界]
[DEBUG][2022-05-25 17:43:37.5699157][NetClient\Program.cs,line:31][Client Start]
[DEBUG][2022-05-25 17:43:37.5715369][NetClient\Program.cs,line:33][Debug Test]
[INFO][2022-05-25 17:43:37.5725428][NetClient\Program.cs,line:34][InfoTest]
[WARNING][2022-05-25 17:43:37.5736039][NetClient\Program.cs,line:35][Warning Test]
[ERROR][2022-05-25 17:43:37.5745740][NetClient\Program.cs,line:36][Error Test]
