[DEBUG][2022-05-24 15:14:19.5168517][NetClient\Program.cs,line:26][Debug Test]
[INFO][2022-05-24 15:14:19.5188622][NetClient\Program.cs,line:27][InfoTest]
[WARNING][2022-05-24 15:14:19.5202093][NetClient\Program.cs,line:28][Warning Test]
[ERROR][2022-05-24 15:14:19.5214268][NetClient\Program.cs,line:29][Error Test]
[DEBUG][2022-05-24 15:15:13.6168194][NetClient\Program.cs,line:24][Client Start]
[DEBUG][2022-05-24 15:15:13.6184599][NetClient\Program.cs,line:26][Debug Test]
[INFO][2022-05-24 15:15:13.6196130][NetClient\Program.cs,line:27][InfoTest]
[WARNING][2022-05-24 15:15:13.6206275][NetClient\Program.cs,line:28][Warning Test]
[ERROR][2022-05-24 15:15:13.6219234][NetClient\Program.cs,line:29][Error Test]
[DEBUG][2022-05-24 15:41:15.6627774][NetClient\Program.cs,line:30][Client Start]
[DEBUG][2022-05-24 15:41:15.6641952][NetClient\Program.cs,line:32][Debug Test]
[INFO][2022-05-24 15:41:15.6652118][NetClient\Program.cs,line:33][InfoTest]
[WARNING][2022-05-24 15:41:15.6663862][NetClient\Program.cs,line:34][Warning Test]
[ERROR][2022-05-24 15:41:15.6678137][NetClient\Program.cs,line:35][Error Test]
[DEBUG][2022-05-24 15:41:29.2108995][NetClient\Program.cs,line:30][Client Start]
[DEBUG][2022-05-24 15:41:29.2124882][NetClient\Program.cs,line:32][Debug Test]
[INFO][2022-05-24 15:41:29.2134770][NetClient\Program.cs,line:33][InfoTest]
[WARNING][2022-05-24 15:41:29.2145011][NetClient\Program.cs,line:34][Warning Test]
[ERROR][2022-05-24 15:41:29.2154366][NetClient\Program.cs,line:35][Error Test]
[DEBUG][2022-05-24 17:42:03.4890751][NetClient\Program.cs,line:30][Client Start]
[DEBUG][2022-05-24 17:42:03.4904385][NetClient\Program.cs,line:32][Debug Test]
[INFO][2022-05-24 17:42:03.4913081][NetClient\Program.cs,line:33][InfoTest]
[WARNING][2022-05-24 17:42:03.4922063][NetClient\Program.cs,line:34][Warning Test]
[ERROR][2022-05-24 17:42:03.4931151][NetClient\Program.cs,line:35][Error Test]
[DEBUG][2022-05-24 17:43:05.7138789][NetClient\Program.cs,line:30][Client Start]
[DEBUG][2022-05-24 17:43:05.7152957][NetClient\Program.cs,line:32][Debug Test]
[INFO][2022-05-24 17:43:05.7162645][NetClient\Program.cs,line:33][InfoTest]
[WARNING][2022-05-24 17:43:05.7172432][NetClient\Program.cs,line:34][Warning Test]
[ERROR][2022-05-24 17:43:05.7182283][NetClient\Program.cs,line:35][Error Test]
[INFO][2022-05-24 17:43:25.1552201][NetClient\Program.cs,line:234][tid:1001,name极乐世界]
[INFO][2022-05-24 17:43:25.1606555][NetClient\Program.cs,line:234][tid:100,name]
[DEBUG][2022-05-24 17:47:17.9024063][NetClient\Program.cs,line:30][Client Start]
[DEBUG][2022-05-24 17:47:17.9035346][NetClient\Program.cs,line:32][Debug Test]
[INFO][2022-05-24 17:47:17.9043238][NetClient\Program.cs,line:33][InfoTest]
[WARNING][2022-05-24 17:47:17.9051151][NetClient\Program.cs,line:34][Warning Test]
[ERROR][2022-05-24 17:47:17.9063068][NetClient\Program.cs,line:35][Error Test]
[INFO][2022-05-24 17:47:51.2729637][NetClient\Program.cs,line:234][tid:1001,name:极乐世界]
[DEBUG][2022-05-24 17:54:39.4218793][NetClient\Program.cs,line:30][Client Start]
[DEBUG][2022-05-24 17:54:39.4231275][NetClient\Program.cs,line:32][Debug Test]
[INFO][2022-05-24 17:54:39.4242058][NetClient\Program.cs,line:33][InfoTest]
[WARNING][2022-05-24 17:54:39.4253307][NetClient\Program.cs,line:34][Warning Test]
[ERROR][2022-05-24 17:54:39.4263023][NetClient\Program.cs,line:35][Error Test]
[DEBUG][2022-05-24 17:56:06.4095462][NetClient\Program.cs,line:30][Client Start]
[DEBUG][2022-05-24 17:56:06.4111387][NetClient\Program.cs,line:32][Debug Test]
[INFO][2022-05-24 17:56:06.4124072][NetClient\Program.cs,line:33][InfoTest]
[WARNING][2022-05-24 17:56:06.4136733][NetClient\Program.cs,line:34][Warning Test]
[ERROR][2022-05-24 17:56:06.4148085][NetClient\Program.cs,line:35][Error Test]
[INFO][2022-05-24 17:56:30.8828574][NetClient\Program.cs,line:239][tid:1001,name:极乐世界]
[DEBUG][2022-05-24 18:05:31.1654259][NetClient\Program.cs,line:30][Client Start]
[DEBUG][2022-05-24 18:05:31.1664797][NetClient\Program.cs,line:32][Debug Test]
[INFO][2022-05-24 18:05:31.1672496][NetClient\Program.cs,line:33][InfoTest]
[WARNING][2022-05-24 18:05:31.1681111][NetClient\Program.cs,line:34][Warning Test]
[ERROR][2022-05-24 18:05:31.1689403][NetClient\Program.cs,line:35][Error Test]
[INFO][2022-05-24 18:05:55.5713545][NetClient\Program.cs,line:247][tid:1001,name:极乐世界]
[INFO][2022-05-24 18:06:11.2928200][NetClient\Program.cs,line:247][tid:1001,name:极乐世界]
[DEBUG][2022-05-24 18:06:38.8051929][NetClient\Program.cs,line:30][Client Start]
[DEBUG][2022-05-24 18:06:38.8065466][NetClient\Program.cs,line:32][Debug Test]
[INFO][2022-05-24 18:06:38.8074346][NetClient\Program.cs,line:33][InfoTest]
[WARNING][2022-05-24 18:06:38.8084511][NetClient\Program.cs,line:34][Warning Test]
[ERROR][2022-05-24 18:06:38.8093925][NetClient\Program.cs,line:35][Error Test]
[INFO][2022-05-24 18:06:59.0510376][NetClient\Program.cs,line:247][tid:1001,name:极乐世界]
[INFO][2022-05-24 18:07:17.5808198][NetClient\Program.cs,line:261][uid:1002 enter table succ]
[DEBUG][2022-05-24 18:17:57.6305258][NetClient\Program.cs,line:30][Client Start]
[DEBUG][2022-05-24 18:17:57.6320266][NetClient\Program.cs,line:32][Debug Test]
[INFO][2022-05-24 18:17:57.6331499][NetClient\Program.cs,line:33][InfoTest]
[WARNING][2022-05-24 18:17:57.6342330][NetClient\Program.cs,line:34][Warning Test]
[ERROR][2022-05-24 18:17:57.6356408][NetClient\Program.cs,line:35][Error Test]
[INFO][2022-05-24 18:18:18.2665079][NetClient\Program.cs,line:247][tid:1001,name:极乐世界]
[INFO][2022-05-24 18:18:34.4705900][NetClient\Program.cs,line:261][uid:1002 enter table succ]
[DEBUG][2022-05-24 18:25:54.0618855][NetClient\Program.cs,line:30][Client Start]
[DEBUG][2022-05-24 18:25:54.0631142][NetClient\Program.cs,line:32][Debug Test]
[INFO][2022-05-24 18:25:54.0642067][NetClient\Program.cs,line:33][InfoTest]
[WARNING][2022-05-24 18:25:54.0653905][NetClient\Program.cs,line:34][Warning Test]
[ERROR][2022-05-24 18:25:54.0664859][NetClient\Program.cs,line:35][Error Test]
[INFO][2022-05-24 18:26:14.8440616][NetClient\Program.cs,line:247][tid:1001,name:极乐世界]
[INFO][2022-05-24 18:26:31.1957852][NetClient\Program.cs,line:261][uid:1002 enter table succ]
[DEBUG][2022-05-24 18:31:47.0795887][NetClient\Program.cs,line:31][Client Start]
[DEBUG][2022-05-24 18:31:47.0809887][NetClient\Program.cs,line:33][Debug Test]
[INFO][2022-05-24 18:31:47.0819217][NetClient\Program.cs,line:34][InfoTest]
[WARNING][2022-05-24 18:31:47.0829019][NetClient\Program.cs,line:35][Warning Test]
[ERROR][2022-05-24 18:31:47.0837151][NetClient\Program.cs,line:36][Error Test]
[INFO][2022-05-24 18:32:09.3592347][NetClient\Program.cs,line:248][tid:1001,name:极乐世界]
[WARNING][2022-05-24 18:32:20.7613052][NetClient\Program.cs,line:258][uid:1002 enter table fail]
